Warning[205] C:\USERS\MUHAMMAD ALBRHAM\DESKTOP\MICROCONTROLLER_LAB\LAB_6\WRITE_CODE_WITH_COMMENT.ASM 1 : Found directive in column 1. (Include)
Warning[205] C:\USERS\MUHAMMAD ALBRHAM\DESKTOP\MICROCONTROLLER_LAB\LAB_6\WRITE_CODE_WITH_COMMENT.ASM 5 : Found directive in column 1. (cblock)
Warning[205] C:\USERS\MUHAMMAD ALBRHAM\DESKTOP\MICROCONTROLLER_LAB\LAB_6\WRITE_CODE_WITH_COMMENT.ASM 7 : Found directive in column 1. (ENDC)
Warning[203] C:\USERS\MUHAMMAD ALBRHAM\DESKTOP\MICROCONTROLLER_LAB\LAB_6\WRITE_CODE_WITH_COMMENT.ASM 31 : Found opcode in column 1. (Movlw)
Warning[203] C:\USERS\MUHAMMAD ALBRHAM\DESKTOP\MICROCONTROLLER_LAB\LAB_6\WRITE_CODE_WITH_COMMENT.ASM 32 : Found opcode in column 1. (Movwf)
Warning[203] C:\USERS\MUHAMMAD ALBRHAM\DESKTOP\MICROCONTROLLER_LAB\LAB_6\WRITE_CODE_WITH_COMMENT.ASM 33 : Found opcode in column 1. (Movlw)
Warning[203] C:\USERS\MUHAMMAD ALBRHAM\DESKTOP\MICROCONTROLLER_LAB\LAB_6\WRITE_CODE_WITH_COMMENT.ASM 34 : Found opcode in column 1. (call)
Error[113]   C:\USERS\MUHAMMAD ALBRHAM\DESKTOP\MICROCONTROLLER_LAB\LAB_6\WRITE_CODE_WITH_COMMENT.ASM 34 : Symbol not previously defined (Repeat_code)
Warning[203] C:\USERS\MUHAMMAD ALBRHAM\DESKTOP\MICROCONTROLLER_LAB\LAB_6\WRITE_CODE_WITH_COMMENT.ASM 35 : Found opcode in column 1. (Movlw)
Warning[203] C:\USERS\MUHAMMAD ALBRHAM\DESKTOP\MICROCONTROLLER_LAB\LAB_6\WRITE_CODE_WITH_COMMENT.ASM 36 : Found opcode in column 1. (call)
Error[113]   C:\USERS\MUHAMMAD ALBRHAM\DESKTOP\MICROCONTROLLER_LAB\LAB_6\WRITE_CODE_WITH_COMMENT.ASM 36 : Symbol not previously defined (Repeat_code)
Warning[203] C:\USERS\MUHAMMAD ALBRHAM\DESKTOP\MICROCONTROLLER_LAB\LAB_6\WRITE_CODE_WITH_COMMENT.ASM 37 : Found opcode in column 1. (Movlw)
Warning[203] C:\USERS\MUHAMMAD ALBRHAM\DESKTOP\MICROCONTROLLER_LAB\LAB_6\WRITE_CODE_WITH_COMMENT.ASM 38 : Found opcode in column 1. (call)
Error[113]   C:\USERS\MUHAMMAD ALBRHAM\DESKTOP\MICROCONTROLLER_LAB\LAB_6\WRITE_CODE_WITH_COMMENT.ASM 38 : Symbol not previously defined (Repeat_code)
Warning[203] C:\USERS\MUHAMMAD ALBRHAM\DESKTOP\MICROCONTROLLER_LAB\LAB_6\WRITE_CODE_WITH_COMMENT.ASM 39 : Found opcode in column 1. (Movlw)
Warning[203] C:\USERS\MUHAMMAD ALBRHAM\DESKTOP\MICROCONTROLLER_LAB\LAB_6\WRITE_CODE_WITH_COMMENT.ASM 40 : Found opcode in column 1. (call)
Error[113]   C:\USERS\MUHAMMAD ALBRHAM\DESKTOP\MICROCONTROLLER_LAB\LAB_6\WRITE_CODE_WITH_COMMENT.ASM 40 : Symbol not previously defined (Repeat_code)
Warning[203] C:\USERS\MUHAMMAD ALBRHAM\DESKTOP\MICROCONTROLLER_LAB\LAB_6\WRITE_CODE_WITH_COMMENT.ASM 41 : Found opcode in column 1. (goto)
Warning[203] C:\USERS\MUHAMMAD ALBRHAM\DESKTOP\MICROCONTROLLER_LAB\LAB_6\WRITE_CODE_WITH_COMMENT.ASM 46 : Found opcode in column 1. (Bcf)
Warning[203] C:\USERS\MUHAMMAD ALBRHAM\DESKTOP\MICROCONTROLLER_LAB\LAB_6\WRITE_CODE_WITH_COMMENT.ASM 47 : Found opcode in column 1. (Movwf)
Warning[203] C:\USERS\MUHAMMAD ALBRHAM\DESKTOP\MICROCONTROLLER_LAB\LAB_6\WRITE_CODE_WITH_COMMENT.ASM 48 : Found opcode in column 1. (Incf)
Warning[203] C:\USERS\MUHAMMAD ALBRHAM\DESKTOP\MICROCONTROLLER_LAB\LAB_6\WRITE_CODE_WITH_COMMENT.ASM 49 : Found opcode in column 1. (Bsf)
Warning[203] C:\USERS\MUHAMMAD ALBRHAM\DESKTOP\MICROCONTROLLER_LAB\LAB_6\WRITE_CODE_WITH_COMMENT.ASM 50 : Found opcode in column 1. (Bcf)
Warning[203] C:\USERS\MUHAMMAD ALBRHAM\DESKTOP\MICROCONTROLLER_LAB\LAB_6\WRITE_CODE_WITH_COMMENT.ASM 51 : Found opcode in column 1. (Bsf)
Message[302] C:\USERS\MUHAMMAD ALBRHAM\DESKTOP\MICROCONTROLLER_LAB\LAB_6\WRITE_CODE_WITH_COMMENT.ASM 51 : Register in operand not in bank 0.  Ensure that bank bits are correct.
Warning[203] C:\USERS\MUHAMMAD ALBRHAM\DESKTOP\MICROCONTROLLER_LAB\LAB_6\WRITE_CODE_WITH_COMMENT.ASM 54 : Found opcode in column 1. (Movlw)
Warning[203] C:\USERS\MUHAMMAD ALBRHAM\DESKTOP\MICROCONTROLLER_LAB\LAB_6\WRITE_CODE_WITH_COMMENT.ASM 55 : Found opcode in column 1. (Movwf)
Message[302] C:\USERS\MUHAMMAD ALBRHAM\DESKTOP\MICROCONTROLLER_LAB\LAB_6\WRITE_CODE_WITH_COMMENT.ASM 55 : Register in operand not in bank 0.  Ensure that bank bits are correct.
Warning[203] C:\USERS\MUHAMMAD ALBRHAM\DESKTOP\MICROCONTROLLER_LAB\LAB_6\WRITE_CODE_WITH_COMMENT.ASM 56 : Found opcode in column 1. (Movlw)
Warning[203] C:\USERS\MUHAMMAD ALBRHAM\DESKTOP\MICROCONTROLLER_LAB\LAB_6\WRITE_CODE_WITH_COMMENT.ASM 57 : Found opcode in column 1. (Movwf)
Message[302] C:\USERS\MUHAMMAD ALBRHAM\DESKTOP\MICROCONTROLLER_LAB\LAB_6\WRITE_CODE_WITH_COMMENT.ASM 57 : Register in operand not in bank 0.  Ensure that bank bits are correct.
Warning[203] C:\USERS\MUHAMMAD ALBRHAM\DESKTOP\MICROCONTROLLER_LAB\LAB_6\WRITE_CODE_WITH_COMMENT.ASM 58 : Found opcode in column 1. (Bsf)
Message[302] C:\USERS\MUHAMMAD ALBRHAM\DESKTOP\MICROCONTROLLER_LAB\LAB_6\WRITE_CODE_WITH_COMMENT.ASM 58 : Register in operand not in bank 0.  Ensure that bank bits are correct.
Warning[203] C:\USERS\MUHAMMAD ALBRHAM\DESKTOP\MICROCONTROLLER_LAB\LAB_6\WRITE_CODE_WITH_COMMENT.ASM 59 : Found opcode in column 1. (Bsf)
Warning[203] C:\USERS\MUHAMMAD ALBRHAM\DESKTOP\MICROCONTROLLER_LAB\LAB_6\WRITE_CODE_WITH_COMMENT.ASM 63 : Found opcode in column 1. (Btfsc)
Message[302] C:\USERS\MUHAMMAD ALBRHAM\DESKTOP\MICROCONTROLLER_LAB\LAB_6\WRITE_CODE_WITH_COMMENT.ASM 63 : Register in operand not in bank 0.  Ensure that bank bits are correct.
Warning[203] C:\USERS\MUHAMMAD ALBRHAM\DESKTOP\MICROCONTROLLER_LAB\LAB_6\WRITE_CODE_WITH_COMMENT.ASM 64 : Found opcode in column 1. (Goto)
Warning[203] C:\USERS\MUHAMMAD ALBRHAM\DESKTOP\MICROCONTROLLER_LAB\LAB_6\WRITE_CODE_WITH_COMMENT.ASM 65 : Found opcode in column 1. (return)
Warning[203] C:\USERS\MUHAMMAD ALBRHAM\DESKTOP\MICROCONTROLLER_LAB\LAB_6\WRITE_CODE_WITH_COMMENT.ASM 69 : Found opcode in column 1. (nop)
Warning[205] C:\USERS\MUHAMMAD ALBRHAM\DESKTOP\MICROCONTROLLER_LAB\LAB_6\WRITE_CODE_WITH_COMMENT.ASM 70 : Found directive in column 1. (end)
