Warning[205] C:\USERS\MUHAMMAD ALBRHAM\DESKTOP\MICROCONTROLLER_LAB\LAB_6\WRITE_CODE_WITH_SUBROUTINE.ASM 1 : Found directive in column 1. (Include)
Warning[205] C:\USERS\MUHAMMAD ALBRHAM\DESKTOP\MICROCONTROLLER_LAB\LAB_6\WRITE_CODE_WITH_SUBROUTINE.ASM 5 : Found directive in column 1. (cblock)
Warning[205] C:\USERS\MUHAMMAD ALBRHAM\DESKTOP\MICROCONTROLLER_LAB\LAB_6\WRITE_CODE_WITH_SUBROUTINE.ASM 7 : Found directive in column 1. (ENDC)
Warning[203] C:\USERS\MUHAMMAD ALBRHAM\DESKTOP\MICROCONTROLLER_LAB\LAB_6\WRITE_CODE_WITH_SUBROUTINE.ASM 31 : Found opcode in column 1. (Movlw)
Warning[203] C:\USERS\MUHAMMAD ALBRHAM\DESKTOP\MICROCONTROLLER_LAB\LAB_6\WRITE_CODE_WITH_SUBROUTINE.ASM 32 : Found opcode in column 1. (Movwf)
Warning[203] C:\USERS\MUHAMMAD ALBRHAM\DESKTOP\MICROCONTROLLER_LAB\LAB_6\WRITE_CODE_WITH_SUBROUTINE.ASM 33 : Found opcode in column 1. (Movlw)
Warning[203] C:\USERS\MUHAMMAD ALBRHAM\DESKTOP\MICROCONTROLLER_LAB\LAB_6\WRITE_CODE_WITH_SUBROUTINE.ASM 34 : Found opcode in column 1. (call)
Warning[203] C:\USERS\MUHAMMAD ALBRHAM\DESKTOP\MICROCONTROLLER_LAB\LAB_6\WRITE_CODE_WITH_SUBROUTINE.ASM 35 : Found opcode in column 1. (Movlw)
Warning[203] C:\USERS\MUHAMMAD ALBRHAM\DESKTOP\MICROCONTROLLER_LAB\LAB_6\WRITE_CODE_WITH_SUBROUTINE.ASM 36 : Found opcode in column 1. (call)
Warning[203] C:\USERS\MUHAMMAD ALBRHAM\DESKTOP\MICROCONTROLLER_LAB\LAB_6\WRITE_CODE_WITH_SUBROUTINE.ASM 37 : Found opcode in column 1. (Movlw)
Warning[203] C:\USERS\MUHAMMAD ALBRHAM\DESKTOP\MICROCONTROLLER_LAB\LAB_6\WRITE_CODE_WITH_SUBROUTINE.ASM 38 : Found opcode in column 1. (call)
Warning[203] C:\USERS\MUHAMMAD ALBRHAM\DESKTOP\MICROCONTROLLER_LAB\LAB_6\WRITE_CODE_WITH_SUBROUTINE.ASM 39 : Found opcode in column 1. (Movlw)
Warning[203] C:\USERS\MUHAMMAD ALBRHAM\DESKTOP\MICROCONTROLLER_LAB\LAB_6\WRITE_CODE_WITH_SUBROUTINE.ASM 40 : Found opcode in column 1. (call)
Warning[203] C:\USERS\MUHAMMAD ALBRHAM\DESKTOP\MICROCONTROLLER_LAB\LAB_6\WRITE_CODE_WITH_SUBROUTINE.ASM 41 : Found opcode in column 1. (Movlw)
Warning[203] C:\USERS\MUHAMMAD ALBRHAM\DESKTOP\MICROCONTROLLER_LAB\LAB_6\WRITE_CODE_WITH_SUBROUTINE.ASM 42 : Found opcode in column 1. (call)
Warning[203] C:\USERS\MUHAMMAD ALBRHAM\DESKTOP\MICROCONTROLLER_LAB\LAB_6\WRITE_CODE_WITH_SUBROUTINE.ASM 43 : Found opcode in column 1. (Movlw)
Warning[203] C:\USERS\MUHAMMAD ALBRHAM\DESKTOP\MICROCONTROLLER_LAB\LAB_6\WRITE_CODE_WITH_SUBROUTINE.ASM 44 : Found opcode in column 1. (call)
Warning[203] C:\USERS\MUHAMMAD ALBRHAM\DESKTOP\MICROCONTROLLER_LAB\LAB_6\WRITE_CODE_WITH_SUBROUTINE.ASM 45 : Found opcode in column 1. (Movlw)
Warning[203] C:\USERS\MUHAMMAD ALBRHAM\DESKTOP\MICROCONTROLLER_LAB\LAB_6\WRITE_CODE_WITH_SUBROUTINE.ASM 46 : Found opcode in column 1. (call)
Warning[203] C:\USERS\MUHAMMAD ALBRHAM\DESKTOP\MICROCONTROLLER_LAB\LAB_6\WRITE_CODE_WITH_SUBROUTINE.ASM 47 : Found opcode in column 1. (Movlw)
Warning[203] C:\USERS\MUHAMMAD ALBRHAM\DESKTOP\MICROCONTROLLER_LAB\LAB_6\WRITE_CODE_WITH_SUBROUTINE.ASM 48 : Found opcode in column 1. (call)
Warning[203] C:\USERS\MUHAMMAD ALBRHAM\DESKTOP\MICROCONTROLLER_LAB\LAB_6\WRITE_CODE_WITH_SUBROUTINE.ASM 49 : Found opcode in column 1. (goto)
Warning[203] C:\USERS\MUHAMMAD ALBRHAM\DESKTOP\MICROCONTROLLER_LAB\LAB_6\WRITE_CODE_WITH_SUBROUTINE.ASM 54 : Found opcode in column 1. (Bcf)
Warning[203] C:\USERS\MUHAMMAD ALBRHAM\DESKTOP\MICROCONTROLLER_LAB\LAB_6\WRITE_CODE_WITH_SUBROUTINE.ASM 55 : Found opcode in column 1. (Movwf)
Warning[203] C:\USERS\MUHAMMAD ALBRHAM\DESKTOP\MICROCONTROLLER_LAB\LAB_6\WRITE_CODE_WITH_SUBROUTINE.ASM 56 : Found opcode in column 1. (Incf)
Warning[203] C:\USERS\MUHAMMAD ALBRHAM\DESKTOP\MICROCONTROLLER_LAB\LAB_6\WRITE_CODE_WITH_SUBROUTINE.ASM 57 : Found opcode in column 1. (Bsf)
Warning[203] C:\USERS\MUHAMMAD ALBRHAM\DESKTOP\MICROCONTROLLER_LAB\LAB_6\WRITE_CODE_WITH_SUBROUTINE.ASM 58 : Found opcode in column 1. (Bcf)
Warning[203] C:\USERS\MUHAMMAD ALBRHAM\DESKTOP\MICROCONTROLLER_LAB\LAB_6\WRITE_CODE_WITH_SUBROUTINE.ASM 59 : Found opcode in column 1. (Bsf)
Message[302] C:\USERS\MUHAMMAD ALBRHAM\DESKTOP\MICROCONTROLLER_LAB\LAB_6\WRITE_CODE_WITH_SUBROUTINE.ASM 59 : Register in operand not in bank 0.  Ensure that bank bits are correct.
Warning[203] C:\USERS\MUHAMMAD ALBRHAM\DESKTOP\MICROCONTROLLER_LAB\LAB_6\WRITE_CODE_WITH_SUBROUTINE.ASM 62 : Found opcode in column 1. (Movlw)
Warning[203] C:\USERS\MUHAMMAD ALBRHAM\DESKTOP\MICROCONTROLLER_LAB\LAB_6\WRITE_CODE_WITH_SUBROUTINE.ASM 63 : Found opcode in column 1. (Movwf)
Message[302] C:\USERS\MUHAMMAD ALBRHAM\DESKTOP\MICROCONTROLLER_LAB\LAB_6\WRITE_CODE_WITH_SUBROUTINE.ASM 63 : Register in operand not in bank 0.  Ensure that bank bits are correct.
Warning[203] C:\USERS\MUHAMMAD ALBRHAM\DESKTOP\MICROCONTROLLER_LAB\LAB_6\WRITE_CODE_WITH_SUBROUTINE.ASM 64 : Found opcode in column 1. (Movlw)
Warning[203] C:\USERS\MUHAMMAD ALBRHAM\DESKTOP\MICROCONTROLLER_LAB\LAB_6\WRITE_CODE_WITH_SUBROUTINE.ASM 65 : Found opcode in column 1. (Movwf)
Message[302] C:\USERS\MUHAMMAD ALBRHAM\DESKTOP\MICROCONTROLLER_LAB\LAB_6\WRITE_CODE_WITH_SUBROUTINE.ASM 65 : Register in operand not in bank 0.  Ensure that bank bits are correct.
Warning[203] C:\USERS\MUHAMMAD ALBRHAM\DESKTOP\MICROCONTROLLER_LAB\LAB_6\WRITE_CODE_WITH_SUBROUTINE.ASM 66 : Found opcode in column 1. (Bsf)
Message[302] C:\USERS\MUHAMMAD ALBRHAM\DESKTOP\MICROCONTROLLER_LAB\LAB_6\WRITE_CODE_WITH_SUBROUTINE.ASM 66 : Register in operand not in bank 0.  Ensure that bank bits are correct.
Warning[203] C:\USERS\MUHAMMAD ALBRHAM\DESKTOP\MICROCONTROLLER_LAB\LAB_6\WRITE_CODE_WITH_SUBROUTINE.ASM 67 : Found opcode in column 1. (Bsf)
Warning[203] C:\USERS\MUHAMMAD ALBRHAM\DESKTOP\MICROCONTROLLER_LAB\LAB_6\WRITE_CODE_WITH_SUBROUTINE.ASM 71 : Found opcode in column 1. (Btfsc)
Message[302] C:\USERS\MUHAMMAD ALBRHAM\DESKTOP\MICROCONTROLLER_LAB\LAB_6\WRITE_CODE_WITH_SUBROUTINE.ASM 71 : Register in operand not in bank 0.  Ensure that bank bits are correct.
Warning[203] C:\USERS\MUHAMMAD ALBRHAM\DESKTOP\MICROCONTROLLER_LAB\LAB_6\WRITE_CODE_WITH_SUBROUTINE.ASM 72 : Found opcode in column 1. (Goto)
Warning[203] C:\USERS\MUHAMMAD ALBRHAM\DESKTOP\MICROCONTROLLER_LAB\LAB_6\WRITE_CODE_WITH_SUBROUTINE.ASM 73 : Found opcode in column 1. (return)
Warning[203] C:\USERS\MUHAMMAD ALBRHAM\DESKTOP\MICROCONTROLLER_LAB\LAB_6\WRITE_CODE_WITH_SUBROUTINE.ASM 77 : Found opcode in column 1. (nop)
Warning[205] C:\USERS\MUHAMMAD ALBRHAM\DESKTOP\MICROCONTROLLER_LAB\LAB_6\WRITE_CODE_WITH_SUBROUTINE.ASM 78 : Found directive in column 1. (end)
