Warning[203] C:\USERS\MUHAMMAD ALBRHAM\DESKTOP\LAB_7_BASIC_PROGRAMMING\LAB_SKELATON.ASM 68 : Found opcode in column 1. (bsf)
Warning[203] C:\USERS\MUHAMMAD ALBRHAM\DESKTOP\LAB_7_BASIC_PROGRAMMING\LAB_SKELATON.ASM 70 : Found opcode in column 1. (movlw)
Warning[203] C:\USERS\MUHAMMAD ALBRHAM\DESKTOP\LAB_7_BASIC_PROGRAMMING\LAB_SKELATON.ASM 71 : Found opcode in column 1. (movwf)
Message[302] C:\USERS\MUHAMMAD ALBRHAM\DESKTOP\LAB_7_BASIC_PROGRAMMING\LAB_SKELATON.ASM 71 : Register in operand not in bank 0.  Ensure that bank bits are correct.
Warning[203] C:\USERS\MUHAMMAD ALBRHAM\DESKTOP\LAB_7_BASIC_PROGRAMMING\LAB_SKELATON.ASM 73 : Found opcode in column 1. (movlw)
Warning[203] C:\USERS\MUHAMMAD ALBRHAM\DESKTOP\LAB_7_BASIC_PROGRAMMING\LAB_SKELATON.ASM 74 : Found opcode in column 1. (movwf)
Message[302] C:\USERS\MUHAMMAD ALBRHAM\DESKTOP\LAB_7_BASIC_PROGRAMMING\LAB_SKELATON.ASM 74 : Register in operand not in bank 0.  Ensure that bank bits are correct.
Warning[203] C:\USERS\MUHAMMAD ALBRHAM\DESKTOP\LAB_7_BASIC_PROGRAMMING\LAB_SKELATON.ASM 75 : Found opcode in column 1. (bcf)
Warning[203] C:\USERS\MUHAMMAD ALBRHAM\DESKTOP\LAB_7_BASIC_PROGRAMMING\LAB_SKELATON.ASM 77 : Found opcode in column 1. (movlw)
Warning[203] C:\USERS\MUHAMMAD ALBRHAM\DESKTOP\LAB_7_BASIC_PROGRAMMING\LAB_SKELATON.ASM 78 : Found opcode in column 1. (movwf)
Warning[203] C:\USERS\MUHAMMAD ALBRHAM\DESKTOP\LAB_7_BASIC_PROGRAMMING\LAB_SKELATON.ASM 79 : Found opcode in column 1. (movlw)
Warning[203] C:\USERS\MUHAMMAD ALBRHAM\DESKTOP\LAB_7_BASIC_PROGRAMMING\LAB_SKELATON.ASM 80 : Found opcode in column 1. (movwf)
Warning[203] C:\USERS\MUHAMMAD ALBRHAM\DESKTOP\LAB_7_BASIC_PROGRAMMING\LAB_SKELATON.ASM 81 : Found opcode in column 1. (bsf)
Warning[203] C:\USERS\MUHAMMAD ALBRHAM\DESKTOP\LAB_7_BASIC_PROGRAMMING\LAB_SKELATON.ASM 82 : Found opcode in column 1. (bsf)
Warning[203] C:\USERS\MUHAMMAD ALBRHAM\DESKTOP\LAB_7_BASIC_PROGRAMMING\LAB_SKELATON.ASM 87 : Found opcode in column 1. (movlw)
Warning[203] C:\USERS\MUHAMMAD ALBRHAM\DESKTOP\LAB_7_BASIC_PROGRAMMING\LAB_SKELATON.ASM 88 : Found opcode in column 1. (subwf)
Warning[203] C:\USERS\MUHAMMAD ALBRHAM\DESKTOP\LAB_7_BASIC_PROGRAMMING\LAB_SKELATON.ASM 89 : Found opcode in column 1. (btfss)
Warning[203] C:\USERS\MUHAMMAD ALBRHAM\DESKTOP\LAB_7_BASIC_PROGRAMMING\LAB_SKELATON.ASM 90 : Found opcode in column 1. (goto)
Warning[203] C:\USERS\MUHAMMAD ALBRHAM\DESKTOP\LAB_7_BASIC_PROGRAMMING\LAB_SKELATON.ASM 91 : Found opcode in column 1. (Return)
Warning[207] C:\USERS\MUHAMMAD ALBRHAM\DESKTOP\LAB_7_BASIC_PROGRAMMING\LAB_SKELATON.ASM 106 : Found label after column 1. (End_the_code)
Warning[203] C:\USERS\MUHAMMAD ALBRHAM\DESKTOP\LAB_7_BASIC_PROGRAMMING\LAB_SKELATON.ASM 112 : Found opcode in column 1. (movlw)
Warning[202] C:\USERS\MUHAMMAD ALBRHAM\DESKTOP\LAB_7_BASIC_PROGRAMMING\LAB_SKELATON.ASM 112 : Argument out of range.  Least significant bits used.
Warning[203] C:\USERS\MUHAMMAD ALBRHAM\DESKTOP\LAB_7_BASIC_PROGRAMMING\LAB_SKELATON.ASM 113 : Found opcode in column 1. (movwf)
Warning[203] C:\USERS\MUHAMMAD ALBRHAM\DESKTOP\LAB_7_BASIC_PROGRAMMING\LAB_SKELATON.ASM 115 : Found opcode in column 1. (call)
Warning[203] C:\USERS\MUHAMMAD ALBRHAM\DESKTOP\LAB_7_BASIC_PROGRAMMING\LAB_SKELATON.ASM 116 : Found opcode in column 1. (call)
Warning[203] C:\USERS\MUHAMMAD ALBRHAM\DESKTOP\LAB_7_BASIC_PROGRAMMING\LAB_SKELATON.ASM 117 : Found opcode in column 1. (call)
Warning[203] C:\USERS\MUHAMMAD ALBRHAM\DESKTOP\LAB_7_BASIC_PROGRAMMING\LAB_SKELATON.ASM 118 : Found opcode in column 1. (call)
Warning[203] C:\USERS\MUHAMMAD ALBRHAM\DESKTOP\LAB_7_BASIC_PROGRAMMING\LAB_SKELATON.ASM 119 : Found opcode in column 1. (call)
Warning[203] C:\USERS\MUHAMMAD ALBRHAM\DESKTOP\LAB_7_BASIC_PROGRAMMING\LAB_SKELATON.ASM 120 : Found opcode in column 1. (call)
Warning[203] C:\USERS\MUHAMMAD ALBRHAM\DESKTOP\LAB_7_BASIC_PROGRAMMING\LAB_SKELATON.ASM 121 : Found opcode in column 1. (decfsz)
Warning[203] C:\USERS\MUHAMMAD ALBRHAM\DESKTOP\LAB_7_BASIC_PROGRAMMING\LAB_SKELATON.ASM 122 : Found opcode in column 1. (goto)
Warning[203] C:\USERS\MUHAMMAD ALBRHAM\DESKTOP\LAB_7_BASIC_PROGRAMMING\LAB_SKELATON.ASM 125 : Found opcode in column 1. (movlw)
Warning[202] C:\USERS\MUHAMMAD ALBRHAM\DESKTOP\LAB_7_BASIC_PROGRAMMING\LAB_SKELATON.ASM 125 : Argument out of range.  Least significant bits used.
Warning[203] C:\USERS\MUHAMMAD ALBRHAM\DESKTOP\LAB_7_BASIC_PROGRAMMING\LAB_SKELATON.ASM 126 : Found opcode in column 1. (movwf)
Warning[203] C:\USERS\MUHAMMAD ALBRHAM\DESKTOP\LAB_7_BASIC_PROGRAMMING\LAB_SKELATON.ASM 128 : Found opcode in column 1. (nop)
Warning[203] C:\USERS\MUHAMMAD ALBRHAM\DESKTOP\LAB_7_BASIC_PROGRAMMING\LAB_SKELATON.ASM 129 : Found opcode in column 1. (nop)
Warning[203] C:\USERS\MUHAMMAD ALBRHAM\DESKTOP\LAB_7_BASIC_PROGRAMMING\LAB_SKELATON.ASM 130 : Found opcode in column 1. (decfsz)
Warning[203] C:\USERS\MUHAMMAD ALBRHAM\DESKTOP\LAB_7_BASIC_PROGRAMMING\LAB_SKELATON.ASM 131 : Found opcode in column 1. (goto)
Message[305] C:\USERS\MUHAMMAD ALBRHAM\DESKTOP\LAB_7_BASIC_PROGRAMMING\LAB_SKELATON.ASM 139 : Using default destination of 1 (file).
Warning[203] C:\USERS\MUHAMMAD ALBRHAM\DESKTOP\LAB_7_BASIC_PROGRAMMING\LAB_SKELATON.ASM 146 : Found opcode in column 1. (bcf)
Warning[206] C:\USERS\MUHAMMAD ALBRHAM\DESKTOP\LAB_7_BASIC_PROGRAMMING\LAB_SKELATON.ASM 147 : Found call to macro in column 1. (push)
Warning[207] C:\USERS\MUHAMMAD ALBRHAM\DESKTOP\LAB_7_BASIC_PROGRAMMING\LAB_SKELATON.ASM 162 : Found label after column 1. (Look_Up)
Warning[203] C:\USERS\MUHAMMAD ALBRHAM\DESKTOP\LAB_7_BASIC_PROGRAMMING\LAB_SKELATON.ASM 164 : Found opcode in column 1. (Movf)
Warning[203] C:\USERS\MUHAMMAD ALBRHAM\DESKTOP\LAB_7_BASIC_PROGRAMMING\LAB_SKELATON.ASM 165 : Found opcode in column 1. (Addwf)
Warning[203] C:\USERS\MUHAMMAD ALBRHAM\DESKTOP\LAB_7_BASIC_PROGRAMMING\LAB_SKELATON.ASM 166 : Found opcode in column 1. (Retlw)
Warning[203] C:\USERS\MUHAMMAD ALBRHAM\DESKTOP\LAB_7_BASIC_PROGRAMMING\LAB_SKELATON.ASM 167 : Found opcode in column 1. (Retlw)
Warning[203] C:\USERS\MUHAMMAD ALBRHAM\DESKTOP\LAB_7_BASIC_PROGRAMMING\LAB_SKELATON.ASM 168 : Found opcode in column 1. (Retlw)
Warning[203] C:\USERS\MUHAMMAD ALBRHAM\DESKTOP\LAB_7_BASIC_PROGRAMMING\LAB_SKELATON.ASM 169 : Found opcode in column 1. (Retlw)
Warning[203] C:\USERS\MUHAMMAD ALBRHAM\DESKTOP\LAB_7_BASIC_PROGRAMMING\LAB_SKELATON.ASM 170 : Found opcode in column 1. (Retlw)
Warning[203] C:\USERS\MUHAMMAD ALBRHAM\DESKTOP\LAB_7_BASIC_PROGRAMMING\LAB_SKELATON.ASM 171 : Found opcode in column 1. (Retlw)
Warning[203] C:\USERS\MUHAMMAD ALBRHAM\DESKTOP\LAB_7_BASIC_PROGRAMMING\LAB_SKELATON.ASM 172 : Found opcode in column 1. (Retlw)
Warning[203] C:\USERS\MUHAMMAD ALBRHAM\DESKTOP\LAB_7_BASIC_PROGRAMMING\LAB_SKELATON.ASM 173 : Found opcode in column 1. (Retlw)
Warning[203] C:\USERS\MUHAMMAD ALBRHAM\DESKTOP\LAB_7_BASIC_PROGRAMMING\LAB_SKELATON.ASM 174 : Found opcode in column 1. (Retlw)
Warning[203] C:\USERS\MUHAMMAD ALBRHAM\DESKTOP\LAB_7_BASIC_PROGRAMMING\LAB_SKELATON.ASM 175 : Found opcode in column 1. (Retlw)
Warning[203] C:\USERS\MUHAMMAD ALBRHAM\DESKTOP\LAB_7_BASIC_PROGRAMMING\LAB_SKELATON.ASM 180 : Found opcode in column 1. (bcf)
Warning[203] C:\USERS\MUHAMMAD ALBRHAM\DESKTOP\LAB_7_BASIC_PROGRAMMING\LAB_SKELATON.ASM 181 : Found opcode in column 1. (bsf)
Warning[203] C:\USERS\MUHAMMAD ALBRHAM\DESKTOP\LAB_7_BASIC_PROGRAMMING\LAB_SKELATON.ASM 182 : Found opcode in column 1. (movlw)
Warning[203] C:\USERS\MUHAMMAD ALBRHAM\DESKTOP\LAB_7_BASIC_PROGRAMMING\LAB_SKELATON.ASM 183 : Found opcode in column 1. (call)
Warning[203] C:\USERS\MUHAMMAD ALBRHAM\DESKTOP\LAB_7_BASIC_PROGRAMMING\LAB_SKELATON.ASM 185 : Found opcode in column 1. (btfss)
Warning[203] C:\USERS\MUHAMMAD ALBRHAM\DESKTOP\LAB_7_BASIC_PROGRAMMING\LAB_SKELATON.ASM 186 : Found opcode in column 1. (goto)
Warning[203] C:\USERS\MUHAMMAD ALBRHAM\DESKTOP\LAB_7_BASIC_PROGRAMMING\LAB_SKELATON.ASM 187 : Found opcode in column 1. (movlw)
Warning[203] C:\USERS\MUHAMMAD ALBRHAM\DESKTOP\LAB_7_BASIC_PROGRAMMING\LAB_SKELATON.ASM 188 : Found opcode in column 1. (movwf)
Warning[203] C:\USERS\MUHAMMAD ALBRHAM\DESKTOP\LAB_7_BASIC_PROGRAMMING\LAB_SKELATON.ASM 194 : Found opcode in column 1. (movlw)
Warning[203] C:\USERS\MUHAMMAD ALBRHAM\DESKTOP\LAB_7_BASIC_PROGRAMMING\LAB_SKELATON.ASM 195 : Found opcode in column 1. (movwf)
Warning[203] C:\USERS\MUHAMMAD ALBRHAM\DESKTOP\LAB_7_BASIC_PROGRAMMING\LAB_SKELATON.ASM 196 : Found opcode in column 1. (bsf)
Warning[203] C:\USERS\MUHAMMAD ALBRHAM\DESKTOP\LAB_7_BASIC_PROGRAMMING\LAB_SKELATON.ASM 197 : Found opcode in column 1. (bsf)
Warning[203] C:\USERS\MUHAMMAD ALBRHAM\DESKTOP\LAB_7_BASIC_PROGRAMMING\LAB_SKELATON.ASM 198 : Found opcode in column 1. (goto)
