Warning[205] C:\USERS\MUHAMMAD ALBRHAM\DESKTOP\MICROCONTROLLER_LAB\LAB_4\EXERCISE1_SOL3.ASM 2 : Found directive in column 1. (cblock)
Warning[205] C:\USERS\MUHAMMAD ALBRHAM\DESKTOP\MICROCONTROLLER_LAB\LAB_4\EXERCISE1_SOL3.ASM 8 : Found directive in column 1. (ENDC)
Warning[203] C:\USERS\MUHAMMAD ALBRHAM\DESKTOP\MICROCONTROLLER_LAB\LAB_4\EXERCISE1_SOL3.ASM 11 : Found opcode in column 1. (swapf)
Warning[203] C:\USERS\MUHAMMAD ALBRHAM\DESKTOP\MICROCONTROLLER_LAB\LAB_4\EXERCISE1_SOL3.ASM 12 : Found opcode in column 1. (movwf)
Warning[203] C:\USERS\MUHAMMAD ALBRHAM\DESKTOP\MICROCONTROLLER_LAB\LAB_4\EXERCISE1_SOL3.ASM 13 : Found opcode in column 1. (bcf)
Warning[203] C:\USERS\MUHAMMAD ALBRHAM\DESKTOP\MICROCONTROLLER_LAB\LAB_4\EXERCISE1_SOL3.ASM 14 : Found opcode in column 1. (bcf)
Warning[203] C:\USERS\MUHAMMAD ALBRHAM\DESKTOP\MICROCONTROLLER_LAB\LAB_4\EXERCISE1_SOL3.ASM 15 : Found opcode in column 1. (bcf)
Warning[203] C:\USERS\MUHAMMAD ALBRHAM\DESKTOP\MICROCONTROLLER_LAB\LAB_4\EXERCISE1_SOL3.ASM 16 : Found opcode in column 1. (bcf)
Warning[203] C:\USERS\MUHAMMAD ALBRHAM\DESKTOP\MICROCONTROLLER_LAB\LAB_4\EXERCISE1_SOL3.ASM 18 : Found opcode in column 1. (bcf)
Warning[203] C:\USERS\MUHAMMAD ALBRHAM\DESKTOP\MICROCONTROLLER_LAB\LAB_4\EXERCISE1_SOL3.ASM 19 : Found opcode in column 1. (bcf)
Warning[203] C:\USERS\MUHAMMAD ALBRHAM\DESKTOP\MICROCONTROLLER_LAB\LAB_4\EXERCISE1_SOL3.ASM 20 : Found opcode in column 1. (bcf)
Warning[203] C:\USERS\MUHAMMAD ALBRHAM\DESKTOP\MICROCONTROLLER_LAB\LAB_4\EXERCISE1_SOL3.ASM 21 : Found opcode in column 1. (bcf)
Warning[203] C:\USERS\MUHAMMAD ALBRHAM\DESKTOP\MICROCONTROLLER_LAB\LAB_4\EXERCISE1_SOL3.ASM 23 : Found opcode in column 1. (movf)
Warning[203] C:\USERS\MUHAMMAD ALBRHAM\DESKTOP\MICROCONTROLLER_LAB\LAB_4\EXERCISE1_SOL3.ASM 24 : Found opcode in column 1. (movwf)
Warning[203] C:\USERS\MUHAMMAD ALBRHAM\DESKTOP\MICROCONTROLLER_LAB\LAB_4\EXERCISE1_SOL3.ASM 25 : Found opcode in column 1. (movf)
Warning[203] C:\USERS\MUHAMMAD ALBRHAM\DESKTOP\MICROCONTROLLER_LAB\LAB_4\EXERCISE1_SOL3.ASM 26 : Found opcode in column 1. (movwf)
Warning[203] C:\USERS\MUHAMMAD ALBRHAM\DESKTOP\MICROCONTROLLER_LAB\LAB_4\EXERCISE1_SOL3.ASM 27 : Found opcode in column 1. (movf)
Warning[203] C:\USERS\MUHAMMAD ALBRHAM\DESKTOP\MICROCONTROLLER_LAB\LAB_4\EXERCISE1_SOL3.ASM 29 : Found opcode in column 1. (subwf)
Warning[203] C:\USERS\MUHAMMAD ALBRHAM\DESKTOP\MICROCONTROLLER_LAB\LAB_4\EXERCISE1_SOL3.ASM 36 : Found opcode in column 1. (btfsc)
Warning[203] C:\USERS\MUHAMMAD ALBRHAM\DESKTOP\MICROCONTROLLER_LAB\LAB_4\EXERCISE1_SOL3.ASM 37 : Found opcode in column 1. (goto)
Warning[203] C:\USERS\MUHAMMAD ALBRHAM\DESKTOP\MICROCONTROLLER_LAB\LAB_4\EXERCISE1_SOL3.ASM 39 : Found opcode in column 1. (btfsc)
Warning[203] C:\USERS\MUHAMMAD ALBRHAM\DESKTOP\MICROCONTROLLER_LAB\LAB_4\EXERCISE1_SOL3.ASM 40 : Found opcode in column 1. (goto)
Warning[203] C:\USERS\MUHAMMAD ALBRHAM\DESKTOP\MICROCONTROLLER_LAB\LAB_4\EXERCISE1_SOL3.ASM 41 : Found opcode in column 1. (goto)
Warning[203] C:\USERS\MUHAMMAD ALBRHAM\DESKTOP\MICROCONTROLLER_LAB\LAB_4\EXERCISE1_SOL3.ASM 44 : Found opcode in column 1. (movlw)
Warning[203] C:\USERS\MUHAMMAD ALBRHAM\DESKTOP\MICROCONTROLLER_LAB\LAB_4\EXERCISE1_SOL3.ASM 45 : Found opcode in column 1. (movwf)
Warning[203] C:\USERS\MUHAMMAD ALBRHAM\DESKTOP\MICROCONTROLLER_LAB\LAB_4\EXERCISE1_SOL3.ASM 46 : Found opcode in column 1. (goto)
Warning[203] C:\USERS\MUHAMMAD ALBRHAM\DESKTOP\MICROCONTROLLER_LAB\LAB_4\EXERCISE1_SOL3.ASM 49 : Found opcode in column 1. (movlw)
Warning[203] C:\USERS\MUHAMMAD ALBRHAM\DESKTOP\MICROCONTROLLER_LAB\LAB_4\EXERCISE1_SOL3.ASM 50 : Found opcode in column 1. (movwf)
Warning[203] C:\USERS\MUHAMMAD ALBRHAM\DESKTOP\MICROCONTROLLER_LAB\LAB_4\EXERCISE1_SOL3.ASM 51 : Found opcode in column 1. (goto)
Warning[203] C:\USERS\MUHAMMAD ALBRHAM\DESKTOP\MICROCONTROLLER_LAB\LAB_4\EXERCISE1_SOL3.ASM 54 : Found opcode in column 1. (movlw)
Warning[203] C:\USERS\MUHAMMAD ALBRHAM\DESKTOP\MICROCONTROLLER_LAB\LAB_4\EXERCISE1_SOL3.ASM 55 : Found opcode in column 1. (movwf)
Warning[203] C:\USERS\MUHAMMAD ALBRHAM\DESKTOP\MICROCONTROLLER_LAB\LAB_4\EXERCISE1_SOL3.ASM 56 : Found opcode in column 1. (goto)
Warning[203] C:\USERS\MUHAMMAD ALBRHAM\DESKTOP\MICROCONTROLLER_LAB\LAB_4\EXERCISE1_SOL3.ASM 59 : Found opcode in column 1. (nop)
Warning[205] C:\USERS\MUHAMMAD ALBRHAM\DESKTOP\MICROCONTROLLER_LAB\LAB_4\EXERCISE1_SOL3.ASM 60 : Found directive in column 1. (end)
